<?xml version="1.0" encoding="UTF-8"?>
<!-- Generated by org.testng.reporters.JUnitReportReporter -->
<testsuite hostname="EC2AMAZ-S11DBRH" failures="0" tests="9" name="ParallelScripts.SampleOneTest" time="0.050" errors="0" timestamp="2024-04-29T03:56:46 GMT" skipped="0">
  <testcase classname="ParallelScripts.SampleOneTest" name="testFour" time="0.008"/>
  <system-out/>
  <testcase classname="ParallelScripts.SampleOneTest" name="testFour" time="0.002"/>
  <system-out/>
  <testcase classname="ParallelScripts.SampleOneTest" name="testFour" time="0.014"/>
  <system-out/>
  <testcase classname="ParallelScripts.SampleOneTest" name="testThree" time="0.003"/>
  <system-out/>
  <testcase classname="ParallelScripts.SampleOneTest" name="testTwo" time="0.002"/>
  <system-out/>
  <testcase classname="ParallelScripts.SampleOneTest" name="testOne" time="0.001"/>
  <system-out/>
  <testcase classname="ParallelScripts.SampleOneTest" name="testFour" time="0.004"/>
  <system-out/>
  <testcase classname="ParallelScripts.SampleOneTest" name="testFour" time="0.002"/>
  <system-out/>
  <testcase classname="ParallelScripts.SampleOneTest" name="testFour" time="0.014"/>
  <system-out/>
</testsuite> <!-- ParallelScripts.SampleOneTest -->
