<?xml version="1.0" encoding="UTF-8"?>
<!-- Generated by org.testng.reporters.JUnitReportReporter -->
<testsuite hostname="EC2AMAZ-S11DBRH" failures="0" tests="1" name="testScripts.LoginPageTest" time="7.664" errors="0" timestamp="2024-04-29T05:29:48 GMT" skipped="0">
  <testcase classname="testScripts.LoginPageTest" name="validLogin" time="7.664"/>
  <system-out/>
</testsuite> <!-- testScripts.LoginPageTest -->
