<?xml version="1.0" encoding="UTF-8"?>
<!-- Generated by org.testng.reporters.JUnitReportReporter -->
<testsuite hostname="EC2AMAZ-S11DBRH" failures="0" tests="2" name="testScripts.GooglePageTest" time="10.320" errors="0" timestamp="2024-04-26T05:37:35 GMT" skipped="0">
  <testcase classname="testScripts.GooglePageTest" name="javaSearchTest" time="4.912"/>
  <system-out/>
  <testcase classname="testScripts.GooglePageTest" name="seleniumSearchTest" time="5.408"/>
  <system-out/>
</testsuite> <!-- testScripts.GooglePageTest -->
