<?xml version="1.0" encoding="UTF-8"?>
<!-- Generated by org.testng.reporters.JUnitReportReporter -->
<testsuite hostname="EC2AMAZ-S11DBRH" failures="0" tests="1" name="testScripts.CDPTest" time="4.140" errors="0" timestamp="2024-05-02T06:18:07 GMT" skipped="0">
  <testcase classname="testScripts.CDPTest" name="basicAuthTest" time="4.140"/>
  <system-out/>
</testsuite> <!-- testScripts.CDPTest -->
