<?xml version="1.0" encoding="UTF-8"?>
<!-- Generated by org.testng.reporters.JUnitReportReporter -->
<testsuite hostname="EC2AMAZ-S11DBRH" failures="0" tests="1" name="testScripts.RemoteDriverTest" time="8.072" errors="0" timestamp="2024-05-02T07:27:45 GMT" skipped="0">
  <testcase classname="testScripts.RemoteDriverTest" name="test" time="8.072"/>
  <system-out/>
</testsuite> <!-- testScripts.RemoteDriverTest -->
