<?xml version="1.0" encoding="UTF-8"?>
<!-- Generated by org.testng.reporters.JUnitReportReporter -->
<testsuite hostname="EC2AMAZ-S11DBRH" failures="0" tests="4" name="ParallelScripts.SampleTwoTest" time="0.013" errors="0" timestamp="2024-04-26T07:59:18 GMT" skipped="0">
  <testcase classname="ParallelScripts.SampleTwoTest" name="testOne" time="0.005"/>
  <system-out/>
  <testcase classname="ParallelScripts.SampleTwoTest" name="testFour" time="0.003"/>
  <system-out/>
  <testcase classname="ParallelScripts.SampleTwoTest" name="testTwo" time="0.003"/>
  <system-out/>
  <testcase classname="ParallelScripts.SampleTwoTest" name="testThree" time="0.002"/>
  <system-out/>
</testsuite> <!-- ParallelScripts.SampleTwoTest -->
