<?xml version="1.0" encoding="UTF-8"?>
<!-- Generated by org.testng.reporters.JUnitReportReporter -->
<testsuite hostname="EC2AMAZ-S11DBRH" failures="0" tests="4" name="ParallelScripts.SampleOneTest" time="0.039" errors="0" timestamp="2024-04-26T07:59:18 GMT" skipped="0">
  <testcase classname="ParallelScripts.SampleOneTest" name="testThree" time="0.011"/>
  <system-out/>
  <testcase classname="ParallelScripts.SampleOneTest" name="testFour" time="0.011"/>
  <system-out/>
  <testcase classname="ParallelScripts.SampleOneTest" name="testOne" time="0.011"/>
  <system-out/>
  <testcase classname="ParallelScripts.SampleOneTest" name="testTwo" time="0.006"/>
  <system-out/>
</testsuite> <!-- ParallelScripts.SampleOneTest -->
